<?xml version="1.0" encoding="UTF-8"?>
<testsuite name="sunghee.web.controller.PostsApiControllerTest" tests="3" skipped="0" failures="0" errors="0" timestamp="2022-03-31T16:22:26" hostname="DESKTOP-VIAFHSB" time="0.342">
  <properties/>
  <testcase name="posts_insert()" classname="sunghee.web.controller.PostsApiControllerTest" time="0.29"/>
  <testcase name="post_delete()" classname="sunghee.web.controller.PostsApiControllerTest" time="0.024"/>
  <testcase name="post_update()" classname="sunghee.web.controller.PostsApiControllerTest" time="0.026"/>
  <system-out><![CDATA[2022-04-01 01:22:22.000  INFO 15188 --- [    Test worker] .b.t.c.SpringBootTestContextBootstrapper : Neither @ContextConfiguration nor @ContextHierarchy found for test class [sunghee.web.controller.PostsApiControllerTest], using SpringBootContextLoader
2022-04-01 01:22:22.001  INFO 15188 --- [    Test worker] o.s.t.c.support.AbstractContextLoader    : Could not detect default resource locations for test class [sunghee.web.controller.PostsApiControllerTest]: no resource found for suffixes {-context.xml, Context.groovy}.
2022-04-01 01:22:22.001  INFO 15188 --- [    Test worker] t.c.s.AnnotationConfigContextLoaderUtils : Could not detect default configuration classes for test class [sunghee.web.controller.PostsApiControllerTest]: PostsApiControllerTest does not declare any static, non-private, non-final, nested classes annotated with @Configuration.
2022-04-01 01:22:22.004  INFO 15188 --- [    Test worker] .b.t.c.SpringBootTestContextBootstrapper : Found @SpringBootConfiguration sunghee.Application for test class sunghee.web.controller.PostsApiControllerTest
2022-04-01 01:22:22.007  INFO 15188 --- [    Test worker] .b.t.c.SpringBootTestContextBootstrapper : Loaded default TestExecutionListener class names from location [META-INF/spring.factories]: [org.springframework.security.test.context.support.WithSecurityContextTestExecutionListener, org.springframework.security.test.context.support.ReactorContextTestExecutionListener, org.springframework.boot.test.autoconfigure.restdocs.RestDocsTestExecutionListener, org.springframework.boot.test.autoconfigure.web.client.MockRestServiceServerResetTestExecutionListener, org.springframework.boot.test.autoconfigure.web.servlet.MockMvcPrintOnlyOnFailureTestExecutionListener, org.springframework.boot.test.autoconfigure.web.servlet.WebDriverTestExecutionListener, org.springframework.boot.test.autoconfigure.webservices.client.MockWebServiceServerTestExecutionListener, org.springframework.boot.test.mock.mockito.MockitoTestExecutionListener, org.springframework.boot.test.mock.mockito.ResetMocksTestExecutionListener, org.springframework.test.context.web.ServletTestExecutionListener, org.springframework.test.context.support.DirtiesContextBeforeModesTestExecutionListener, org.springframework.test.context.event.ApplicationEventsTestExecutionListener, org.springframework.test.context.support.DependencyInjectionTestExecutionListener, org.springframework.test.context.support.DirtiesContextTestExecutionListener, org.springframework.test.context.transaction.TransactionalTestExecutionListener, org.springframework.test.context.jdbc.SqlScriptsTestExecutionListener, org.springframework.test.context.event.EventPublishingTestExecutionListener]
2022-04-01 01:22:22.008  INFO 15188 --- [    Test worker] .b.t.c.SpringBootTestContextBootstrapper : Using TestExecutionListeners: [org.springframework.test.context.web.ServletTestExecutionListener@7fa1661e, org.springframework.test.context.support.DirtiesContextBeforeModesTestExecutionListener@51fef453, org.springframework.test.context.event.ApplicationEventsTestExecutionListener@45dd115f, org.springframework.boot.test.mock.mockito.MockitoTestExecutionListener@31e55486, org.springframework.boot.test.autoconfigure.SpringBootDependencyInjectionTestExecutionListener@45005532, org.springframework.test.context.support.DirtiesContextTestExecutionListener@637a6dad, org.springframework.test.context.transaction.TransactionalTestExecutionListener@4e00df74, org.springframework.test.context.jdbc.SqlScriptsTestExecutionListener@555af356, org.springframework.security.test.context.support.WithSecurityContextTestExecutionListener@12b4950a, org.springframework.test.context.event.EventPublishingTestExecutionListener@221385f4, org.springframework.security.test.context.support.ReactorContextTestExecutionListener@6aa015bd, org.springframework.boot.test.autoconfigure.restdocs.RestDocsTestExecutionListener@68e28bfc, org.springframework.boot.test.autoconfigure.web.client.MockRestServiceServerResetTestExecutionListener@5e485f2f, org.springframework.boot.test.autoconfigure.web.servlet.MockMvcPrintOnlyOnFailureTestExecutionListener@604a5d37, org.springframework.boot.test.autoconfigure.web.servlet.WebDriverTestExecutionListener@aadb17e, org.springframework.boot.test.autoconfigure.webservices.client.MockWebServiceServerTestExecutionListener@766c66bc, org.springframework.boot.test.mock.mockito.ResetMocksTestExecutionListener@6a41fe79]

  .   ____          _            __ _ _
 /\\ / ___'_ __ _ _(_)_ __  __ _ \ \ \ \
( ( )\___ | '_ | '_| | '_ \/ _` | \ \ \ \
 \\/  ___)| |_)| | | | | || (_| |  ) ) ) )
  '  |____| .__|_| |_|_| |_\__, | / / / /
 =========|_|==============|___/=/_/_/_/
 :: Spring Boot ::                (v2.6.3)

2022-04-01 01:22:22.052  INFO 15188 --- [    Test worker] s.web.controller.PostsApiControllerTest  : Starting PostsApiControllerTest using Java 11.0.2 on DESKTOP-VIAFHSB with PID 15188 (started by sungh in C:\Users\sungh\Desktop\site\study-aws)
2022-04-01 01:22:22.053  INFO 15188 --- [    Test worker] s.web.controller.PostsApiControllerTest  : The following profiles are active: oauth
2022-04-01 01:22:22.484  INFO 15188 --- [    Test worker] .s.d.r.c.RepositoryConfigurationDelegate : Bootstrapping Spring Data JPA repositories in DEFAULT mode.
2022-04-01 01:22:22.549  INFO 15188 --- [    Test worker] .s.d.r.c.RepositoryConfigurationDelegate : Finished Spring Data repository scanning in 56 ms. Found 2 JPA repository interfaces.
2022-04-01 01:22:23.103  INFO 15188 --- [    Test worker] o.s.b.w.embedded.tomcat.TomcatWebServer  : Tomcat initialized with port(s): 0 (http)
2022-04-01 01:22:23.114  INFO 15188 --- [    Test worker] o.apache.catalina.core.StandardService   : Starting service [Tomcat]
2022-04-01 01:22:23.114  INFO 15188 --- [    Test worker] org.apache.catalina.core.StandardEngine  : Starting Servlet engine: [Apache Tomcat/9.0.56]
2022-04-01 01:22:23.265  INFO 15188 --- [    Test worker] o.a.c.c.C.[Tomcat].[localhost].[/]       : Initializing Spring embedded WebApplicationContext
2022-04-01 01:22:23.265  INFO 15188 --- [    Test worker] w.s.c.ServletWebServerApplicationContext : Root WebApplicationContext: initialization completed in 1210 ms
2022-04-01 01:22:23.313  INFO 15188 --- [    Test worker] com.zaxxer.hikari.HikariDataSource       : HikariPool-1 - Starting...
2022-04-01 01:22:23.529  INFO 15188 --- [    Test worker] com.zaxxer.hikari.HikariDataSource       : HikariPool-1 - Start completed.
2022-04-01 01:22:23.554  INFO 15188 --- [    Test worker] o.s.b.a.h2.H2ConsoleAutoConfiguration    : H2 console available at '/h2-console'. Database available at 'jdbc:h2:mem://localhost/~/test'
2022-04-01 01:22:23.984  INFO 15188 --- [    Test worker] o.hibernate.jpa.internal.util.LogHelper  : HHH000204: Processing PersistenceUnitInfo [name: default]
2022-04-01 01:22:24.063  INFO 15188 --- [    Test worker] org.hibernate.Version                    : HHH000412: Hibernate ORM core version 5.6.4.Final
2022-04-01 01:22:24.135  INFO 15188 --- [    Test worker] o.hibernate.annotations.common.Version   : HCANN000001: Hibernate Commons Annotations {5.1.2.Final}
2022-04-01 01:22:24.309  INFO 15188 --- [    Test worker] org.hibernate.dialect.Dialect            : HHH000400: Using dialect: org.hibernate.dialect.H2Dialect
Hibernate: drop table if exists posts CASCADE 
Hibernate: drop table if exists user CASCADE 
Hibernate: create table posts (id bigint generated by default as identity, create_date_time timestamp, modified_date_time timestamp, author varchar(255), content TEXT not null, title varchar(500) not null, primary key (id))
Hibernate: create table user (id bigint generated by default as identity, create_date_time timestamp, modified_date_time timestamp, email varchar(255) not null, name varchar(255) not null, picture varchar(255), role varchar(255) not null, primary key (id))
2022-04-01 01:22:24.874  INFO 15188 --- [    Test worker] o.h.e.t.j.p.i.JtaPlatformInitiator       : HHH000490: Using JtaPlatform implementation: [org.hibernate.engine.transaction.jta.platform.internal.NoJtaPlatform]
2022-04-01 01:22:24.884  INFO 15188 --- [    Test worker] j.LocalContainerEntityManagerFactoryBean : Initialized JPA EntityManagerFactory for persistence unit 'default'
2022-04-01 01:22:25.383  WARN 15188 --- [    Test worker] JpaBaseConfiguration$JpaWebConfiguration : spring.jpa.open-in-view is enabled by default. Therefore, database queries may be performed during view rendering. Explicitly configure spring.jpa.open-in-view to disable this warning
2022-04-01 01:22:25.733  INFO 15188 --- [    Test worker] o.s.s.web.DefaultSecurityFilterChain     : Will secure any request with [org.springframework.security.web.context.request.async.WebAsyncManagerIntegrationFilter@127ca5db, org.springframework.security.web.context.SecurityContextPersistenceFilter@7487639b, org.springframework.security.web.header.HeaderWriterFilter@55e92dcc, org.springframework.security.web.authentication.logout.LogoutFilter@61aeb66a, org.springframework.security.oauth2.client.web.OAuth2AuthorizationRequestRedirectFilter@5cca57ef, org.springframework.security.oauth2.client.web.OAuth2LoginAuthenticationFilter@7fe7fde8, org.springframework.security.web.authentication.ui.DefaultLoginPageGeneratingFilter@2813339, org.springframework.security.web.authentication.ui.DefaultLogoutPageGeneratingFilter@76aa0786, org.springframework.security.web.savedrequest.RequestCacheAwareFilter@4f895320, org.springframework.security.web.servletapi.SecurityContextHolderAwareRequestFilter@53929050, org.springframework.security.web.authentication.AnonymousAuthenticationFilter@78d14393, org.springframework.security.web.session.SessionManagementFilter@3e9dfbe0, org.springframework.security.web.access.ExceptionTranslationFilter@4505c342, org.springframework.security.web.access.intercept.FilterSecurityInterceptor@50a69280]
2022-04-01 01:22:25.915  INFO 15188 --- [    Test worker] o.s.b.a.w.s.WelcomePageHandlerMapping    : Adding welcome page template: index
2022-04-01 01:22:26.155  INFO 15188 --- [    Test worker] o.a.c.c.C.[Tomcat].[localhost].[/]       : Initializing Spring TestDispatcherServlet ''
2022-04-01 01:22:26.155  INFO 15188 --- [    Test worker] o.s.t.web.servlet.TestDispatcherServlet  : Initializing Servlet ''
2022-04-01 01:22:26.156  INFO 15188 --- [    Test worker] o.s.t.web.servlet.TestDispatcherServlet  : Completed initialization in 1 ms
2022-04-01 01:22:26.206  INFO 15188 --- [    Test worker] o.s.b.w.embedded.tomcat.TomcatWebServer  : Tomcat started on port(s): 57324 (http) with context path ''
2022-04-01 01:22:26.221  INFO 15188 --- [    Test worker] s.a.ScheduledAnnotationBeanPostProcessor : No TaskScheduler/ScheduledExecutorService bean found for scheduled processing
2022-04-01 01:22:26.231  INFO 15188 --- [    Test worker] s.web.controller.PostsApiControllerTest  : Started PostsApiControllerTest in 4.219 seconds (JVM running for 8.459)
Hibernate: insert into posts (id, create_date_time, modified_date_time, author, content, title) values (null, ?, ?, ?, ?, ?)
Hibernate: select posts0_.id as id1_0_, posts0_.create_date_time as create_d2_0_, posts0_.modified_date_time as modified3_0_, posts0_.author as author4_0_, posts0_.content as content5_0_, posts0_.title as title6_0_ from posts posts0_
Hibernate: select posts0_.id as id1_0_, posts0_.create_date_time as create_d2_0_, posts0_.modified_date_time as modified3_0_, posts0_.author as author4_0_, posts0_.content as content5_0_, posts0_.title as title6_0_ from posts posts0_
Hibernate: delete from posts where id=?
Hibernate: insert into posts (id, create_date_time, modified_date_time, author, content, title) values (null, ?, ?, ?, ?, ?)
Hibernate: insert into posts (id, create_date_time, modified_date_time, author, content, title) values (null, ?, ?, ?, ?, ?)
Hibernate: select posts0_.id as id1_0_, posts0_.create_date_time as create_d2_0_, posts0_.modified_date_time as modified3_0_, posts0_.author as author4_0_, posts0_.content as content5_0_, posts0_.title as title6_0_ from posts posts0_
content
title
Hibernate: select posts0_.id as id1_0_, posts0_.create_date_time as create_d2_0_, posts0_.modified_date_time as modified3_0_, posts0_.author as author4_0_, posts0_.content as content5_0_, posts0_.title as title6_0_ from posts posts0_
Hibernate: delete from posts where id=?
Hibernate: delete from posts where id=?
Hibernate: insert into posts (id, create_date_time, modified_date_time, author, content, title) values (null, ?, ?, ?, ?, ?)
Hibernate: select posts0_.id as id1_0_0_, posts0_.create_date_time as create_d2_0_0_, posts0_.modified_date_time as modified3_0_0_, posts0_.author as author4_0_0_, posts0_.content as content5_0_0_, posts0_.title as title6_0_0_ from posts posts0_ where posts0_.id=?
Hibernate: update posts set create_date_time=?, modified_date_time=?, author=?, content=?, title=? where id=?
Hibernate: select posts0_.id as id1_0_, posts0_.create_date_time as create_d2_0_, posts0_.modified_date_time as modified3_0_, posts0_.author as author4_0_, posts0_.content as content5_0_, posts0_.title as title6_0_ from posts posts0_
Hibernate: select posts0_.id as id1_0_, posts0_.create_date_time as create_d2_0_, posts0_.modified_date_time as modified3_0_, posts0_.author as author4_0_, posts0_.content as content5_0_, posts0_.title as title6_0_ from posts posts0_
Hibernate: delete from posts where id=?
]]></system-out>
  <system-err><![CDATA[]]></system-err>
</testsuite>
