<?xml version="1.0" encoding="UTF-8"?>
<testsuite name="sunghee.web.controller.HelloControllerTest" tests="2" skipped="0" failures="0" errors="0" timestamp="2022-03-31T16:22:21" hostname="DESKTOP-VIAFHSB" time="0.605">
  <properties/>
  <testcase name="hello_to_return()" classname="sunghee.web.controller.HelloControllerTest" time="0.485"/>
  <testcase name="helloDto_to_return()" classname="sunghee.web.controller.HelloControllerTest" time="0.119"/>
  <system-out><![CDATA[01:22:18.704 [Test worker] DEBUG org.springframework.test.context.BootstrapUtils - Instantiating CacheAwareContextLoaderDelegate from class [org.springframework.test.context.cache.DefaultCacheAwareContextLoaderDelegate]
01:22:18.716 [Test worker] DEBUG org.springframework.test.context.BootstrapUtils - Instantiating BootstrapContext using constructor [public org.springframework.test.context.support.DefaultBootstrapContext(java.lang.Class,org.springframework.test.context.CacheAwareContextLoaderDelegate)]
01:22:18.754 [Test worker] DEBUG org.springframework.test.context.BootstrapUtils - Instantiating TestContextBootstrapper for test class [sunghee.web.controller.HelloControllerTest] from class [org.springframework.boot.test.autoconfigure.web.servlet.WebMvcTestContextBootstrapper]
01:22:18.764 [Test worker] INFO org.springframework.boot.test.autoconfigure.web.servlet.WebMvcTestContextBootstrapper - Neither @ContextConfiguration nor @ContextHierarchy found for test class [sunghee.web.controller.HelloControllerTest], using SpringBootContextLoader
01:22:18.770 [Test worker] DEBUG org.springframework.test.context.support.AbstractContextLoader - Did not detect default resource location for test class [sunghee.web.controller.HelloControllerTest]: class path resource [sunghee/web/controller/HelloControllerTest-context.xml] does not exist
01:22:18.771 [Test worker] DEBUG org.springframework.test.context.support.AbstractContextLoader - Did not detect default resource location for test class [sunghee.web.controller.HelloControllerTest]: class path resource [sunghee/web/controller/HelloControllerTestContext.groovy] does not exist
01:22:18.771 [Test worker] INFO org.springframework.test.context.support.AbstractContextLoader - Could not detect default resource locations for test class [sunghee.web.controller.HelloControllerTest]: no resource found for suffixes {-context.xml, Context.groovy}.
01:22:18.771 [Test worker] INFO org.springframework.test.context.support.AnnotationConfigContextLoaderUtils - Could not detect default configuration classes for test class [sunghee.web.controller.HelloControllerTest]: HelloControllerTest does not declare any static, non-private, non-final, nested classes annotated with @Configuration.
01:22:18.839 [Test worker] DEBUG org.springframework.test.context.support.ActiveProfilesUtils - Could not find an 'annotation declaring class' for annotation type [org.springframework.test.context.ActiveProfiles] and class [sunghee.web.controller.HelloControllerTest]
01:22:18.903 [Test worker] DEBUG org.springframework.context.annotation.ClassPathScanningCandidateComponentProvider - Identified candidate component class: file [C:\Users\sungh\Desktop\site\study-aws\build\classes\java\main\sunghee\Application.class]
01:22:18.905 [Test worker] INFO org.springframework.boot.test.context.SpringBootTestContextBootstrapper - Found @SpringBootConfiguration sunghee.Application for test class sunghee.web.controller.HelloControllerTest
01:22:18.907 [Test worker] DEBUG org.springframework.boot.test.autoconfigure.web.servlet.WebMvcTestContextBootstrapper - @TestExecutionListeners is not present for class [sunghee.web.controller.HelloControllerTest]: using defaults.
01:22:18.908 [Test worker] INFO org.springframework.boot.test.autoconfigure.web.servlet.WebMvcTestContextBootstrapper - Loaded default TestExecutionListener class names from location [META-INF/spring.factories]: [org.springframework.security.test.context.support.WithSecurityContextTestExecutionListener, org.springframework.security.test.context.support.ReactorContextTestExecutionListener, org.springframework.boot.test.autoconfigure.restdocs.RestDocsTestExecutionListener, org.springframework.boot.test.autoconfigure.web.client.MockRestServiceServerResetTestExecutionListener, org.springframework.boot.test.autoconfigure.web.servlet.MockMvcPrintOnlyOnFailureTestExecutionListener, org.springframework.boot.test.autoconfigure.web.servlet.WebDriverTestExecutionListener, org.springframework.boot.test.autoconfigure.webservices.client.MockWebServiceServerTestExecutionListener, org.springframework.boot.test.mock.mockito.MockitoTestExecutionListener, org.springframework.boot.test.mock.mockito.ResetMocksTestExecutionListener, org.springframework.test.context.web.ServletTestExecutionListener, org.springframework.test.context.support.DirtiesContextBeforeModesTestExecutionListener, org.springframework.test.context.event.ApplicationEventsTestExecutionListener, org.springframework.test.context.support.DependencyInjectionTestExecutionListener, org.springframework.test.context.support.DirtiesContextTestExecutionListener, org.springframework.test.context.transaction.TransactionalTestExecutionListener, org.springframework.test.context.jdbc.SqlScriptsTestExecutionListener, org.springframework.test.context.event.EventPublishingTestExecutionListener]
01:22:18.927 [Test worker] INFO org.springframework.boot.test.autoconfigure.web.servlet.WebMvcTestContextBootstrapper - Using TestExecutionListeners: [org.springframework.test.context.web.ServletTestExecutionListener@248bd4f1, org.springframework.test.context.support.DirtiesContextBeforeModesTestExecutionListener@22411140, org.springframework.test.context.event.ApplicationEventsTestExecutionListener@68d7afe0, org.springframework.boot.test.mock.mockito.MockitoTestExecutionListener@727a7ab2, org.springframework.boot.test.autoconfigure.SpringBootDependencyInjectionTestExecutionListener@82c0450, org.springframework.test.context.support.DirtiesContextTestExecutionListener@22cddf04, org.springframework.test.context.transaction.TransactionalTestExecutionListener@77b0dc12, org.springframework.test.context.jdbc.SqlScriptsTestExecutionListener@56be87bc, org.springframework.security.test.context.support.WithSecurityContextTestExecutionListener@3ed807bf, org.springframework.test.context.event.EventPublishingTestExecutionListener@72a1ca9f, org.springframework.security.test.context.support.ReactorContextTestExecutionListener@380d895, org.springframework.boot.test.autoconfigure.restdocs.RestDocsTestExecutionListener@21a13c3e, org.springframework.boot.test.autoconfigure.web.client.MockRestServiceServerResetTestExecutionListener@5fba324a, org.springframework.boot.test.autoconfigure.web.servlet.MockMvcPrintOnlyOnFailureTestExecutionListener@2333fe10, org.springframework.boot.test.autoconfigure.web.servlet.WebDriverTestExecutionListener@2672ce93, org.springframework.boot.test.autoconfigure.webservices.client.MockWebServiceServerTestExecutionListener@e9a46af, org.springframework.boot.test.mock.mockito.ResetMocksTestExecutionListener@3c1d54]
01:22:18.931 [Test worker] DEBUG org.springframework.test.context.support.AbstractDirtiesContextTestExecutionListener - Before test class: context [DefaultTestContext@1aa1bf71 testClass = HelloControllerTest, testInstance = [null], testMethod = [null], testException = [null], mergedContextConfiguration = [WebMergedContextConfiguration@7673267b testClass = HelloControllerTest, locations = '{}', classes = '{class sunghee.Application}', contextInitializerClasses = '[]', activeProfiles = '{}', propertySourceLocations = '{}', propertySourceProperties = '{org.springframework.boot.test.autoconfigure.web.servlet.WebMvcTestContextBootstrapper=true}', contextCustomizers = set[org.springframework.boot.test.autoconfigure.OverrideAutoConfigurationContextCustomizerFactory$DisableAutoConfigurationContextCustomizer@3836bb3d, org.springframework.boot.test.autoconfigure.actuate.metrics.MetricsExportContextCustomizerFactory$DisableMetricExportContextCustomizer@1f7b6caa, org.springframework.boot.test.autoconfigure.filter.TypeExcludeFiltersContextCustomizer@9499e8ab, org.springframework.boot.test.autoconfigure.properties.PropertyMappingContextCustomizer@ccc6ed4d, org.springframework.boot.test.autoconfigure.web.servlet.WebDriverContextCustomizerFactory$Customizer@22ef170e, [ImportsContextCustomizer@297d8da key = [org.springframework.boot.autoconfigure.cache.CacheAutoConfiguration, org.springframework.boot.autoconfigure.context.MessageSourceAutoConfiguration, org.springframework.boot.autoconfigure.data.web.SpringDataWebAutoConfiguration, org.springframework.boot.autoconfigure.freemarker.FreeMarkerAutoConfiguration, org.springframework.boot.autoconfigure.groovy.template.GroovyTemplateAutoConfiguration, org.springframework.boot.autoconfigure.gson.GsonAutoConfiguration, org.springframework.boot.autoconfigure.hateoas.HypermediaAutoConfiguration, org.springframework.boot.autoconfigure.http.HttpMessageConvertersAutoConfiguration, org.springframework.boot.autoconfigure.jackson.JacksonAutoConfiguration, org.springframework.boot.autoconfigure.jsonb.JsonbAutoConfiguration, org.springframework.boot.autoconfigure.mustache.MustacheAutoConfiguration, org.springframework.boot.autoconfigure.task.TaskExecutionAutoConfiguration, org.springframework.boot.autoconfigure.thymeleaf.ThymeleafAutoConfiguration, org.springframework.boot.autoconfigure.validation.ValidationAutoConfiguration, org.springframework.boot.autoconfigure.web.servlet.error.ErrorMvcAutoConfiguration, org.springframework.boot.autoconfigure.web.servlet.HttpEncodingAutoConfiguration, org.springframework.boot.autoconfigure.web.servlet.WebMvcAutoConfiguration, org.springframework.boot.test.autoconfigure.web.servlet.MockMvcAutoConfiguration, org.springframework.boot.test.autoconfigure.web.servlet.MockMvcWebClientAutoConfiguration, org.springframework.boot.test.autoconfigure.web.servlet.MockMvcWebDriverAutoConfiguration, org.springframework.boot.autoconfigure.security.oauth2.client.servlet.OAuth2ClientAutoConfiguration, org.springframework.boot.autoconfigure.security.oauth2.resource.servlet.OAuth2ResourceServerAutoConfiguration, org.springframework.boot.autoconfigure.security.servlet.SecurityAutoConfiguration, org.springframework.boot.autoconfigure.security.servlet.SecurityFilterAutoConfiguration, org.springframework.boot.autoconfigure.security.servlet.UserDetailsServiceAutoConfiguration, org.springframework.boot.test.autoconfigure.web.servlet.MockMvcSecurityConfiguration, org.springframework.boot.test.autoconfigure.web.reactive.WebTestClientAutoConfiguration]], org.springframework.boot.test.context.filter.ExcludeFilterContextCustomizer@281035d, org.springframework.boot.test.json.DuplicateJsonObjectContextCustomizerFactory$DuplicateJsonObjectContextCustomizer@3396037f, org.springframework.boot.test.mock.mockito.MockitoContextCustomizer@0, org.springframework.boot.test.context.SpringBootTestArgs@1, org.springframework.boot.test.context.SpringBootTestWebEnvironment@0], resourceBasePath = 'src/main/webapp', contextLoader = 'org.springframework.boot.test.context.SpringBootContextLoader', parent = [null]], attributes = map[[empty]]], class annotated with @DirtiesContext [false] with mode [null].
01:22:18.943 [Test worker] DEBUG org.springframework.test.context.support.DependencyInjectionTestExecutionListener - Performing dependency injection for test context [[DefaultTestContext@1aa1bf71 testClass = HelloControllerTest, testInstance = sunghee.web.controller.HelloControllerTest@2f8b04, testMethod = [null], testException = [null], mergedContextConfiguration = [WebMergedContextConfiguration@7673267b testClass = HelloControllerTest, locations = '{}', classes = '{class sunghee.Application}', contextInitializerClasses = '[]', activeProfiles = '{}', propertySourceLocations = '{}', propertySourceProperties = '{org.springframework.boot.test.autoconfigure.web.servlet.WebMvcTestContextBootstrapper=true}', contextCustomizers = set[org.springframework.boot.test.autoconfigure.OverrideAutoConfigurationContextCustomizerFactory$DisableAutoConfigurationContextCustomizer@3836bb3d, org.springframework.boot.test.autoconfigure.actuate.metrics.MetricsExportContextCustomizerFactory$DisableMetricExportContextCustomizer@1f7b6caa, org.springframework.boot.test.autoconfigure.filter.TypeExcludeFiltersContextCustomizer@9499e8ab, org.springframework.boot.test.autoconfigure.properties.PropertyMappingContextCustomizer@ccc6ed4d, org.springframework.boot.test.autoconfigure.web.servlet.WebDriverContextCustomizerFactory$Customizer@22ef170e, [ImportsContextCustomizer@297d8da key = [org.springframework.boot.autoconfigure.cache.CacheAutoConfiguration, org.springframework.boot.autoconfigure.context.MessageSourceAutoConfiguration, org.springframework.boot.autoconfigure.data.web.SpringDataWebAutoConfiguration, org.springframework.boot.autoconfigure.freemarker.FreeMarkerAutoConfiguration, org.springframework.boot.autoconfigure.groovy.template.GroovyTemplateAutoConfiguration, org.springframework.boot.autoconfigure.gson.GsonAutoConfiguration, org.springframework.boot.autoconfigure.hateoas.HypermediaAutoConfiguration, org.springframework.boot.autoconfigure.http.HttpMessageConvertersAutoConfiguration, org.springframework.boot.autoconfigure.jackson.JacksonAutoConfiguration, org.springframework.boot.autoconfigure.jsonb.JsonbAutoConfiguration, org.springframework.boot.autoconfigure.mustache.MustacheAutoConfiguration, org.springframework.boot.autoconfigure.task.TaskExecutionAutoConfiguration, org.springframework.boot.autoconfigure.thymeleaf.ThymeleafAutoConfiguration, org.springframework.boot.autoconfigure.validation.ValidationAutoConfiguration, org.springframework.boot.autoconfigure.web.servlet.error.ErrorMvcAutoConfiguration, org.springframework.boot.autoconfigure.web.servlet.HttpEncodingAutoConfiguration, org.springframework.boot.autoconfigure.web.servlet.WebMvcAutoConfiguration, org.springframework.boot.test.autoconfigure.web.servlet.MockMvcAutoConfiguration, org.springframework.boot.test.autoconfigure.web.servlet.MockMvcWebClientAutoConfiguration, org.springframework.boot.test.autoconfigure.web.servlet.MockMvcWebDriverAutoConfiguration, org.springframework.boot.autoconfigure.security.oauth2.client.servlet.OAuth2ClientAutoConfiguration, org.springframework.boot.autoconfigure.security.oauth2.resource.servlet.OAuth2ResourceServerAutoConfiguration, org.springframework.boot.autoconfigure.security.servlet.SecurityAutoConfiguration, org.springframework.boot.autoconfigure.security.servlet.SecurityFilterAutoConfiguration, org.springframework.boot.autoconfigure.security.servlet.UserDetailsServiceAutoConfiguration, org.springframework.boot.test.autoconfigure.web.servlet.MockMvcSecurityConfiguration, org.springframework.boot.test.autoconfigure.web.reactive.WebTestClientAutoConfiguration]], org.springframework.boot.test.context.filter.ExcludeFilterContextCustomizer@281035d, org.springframework.boot.test.json.DuplicateJsonObjectContextCustomizerFactory$DuplicateJsonObjectContextCustomizer@3396037f, org.springframework.boot.test.mock.mockito.MockitoContextCustomizer@0, org.springframework.boot.test.context.SpringBootTestArgs@1, org.springframework.boot.test.context.SpringBootTestWebEnvironment@0], resourceBasePath = 'src/main/webapp', contextLoader = 'org.springframework.boot.test.context.SpringBootContextLoader', parent = [null]], attributes = map['org.springframework.test.context.event.ApplicationEventsTestExecutionListener.recordApplicationEvents' -> false]]].

  .   ____          _            __ _ _
 /\\ / ___'_ __ _ _(_)_ __  __ _ \ \ \ \
( ( )\___ | '_ | '_| | '_ \/ _` | \ \ \ \
 \\/  ___)| |_)| | | | | || (_| |  ) ) ) )
  '  |____| .__|_| |_|_| |_\__, | / / / /
 =========|_|==============|___/=/_/_/_/
 :: Spring Boot ::                (v2.6.3)

2022-04-01 01:22:19.383  INFO 15188 --- [    Test worker] s.web.controller.HelloControllerTest     : Starting HelloControllerTest using Java 11.0.2 on DESKTOP-VIAFHSB with PID 15188 (started by sungh in C:\Users\sungh\Desktop\site\study-aws)
2022-04-01 01:22:19.384  INFO 15188 --- [    Test worker] s.web.controller.HelloControllerTest     : The following profiles are active: oauth
2022-04-01 01:22:20.642  INFO 15188 --- [    Test worker] o.s.b.a.w.s.WelcomePageHandlerMapping    : Adding welcome page template: index
2022-04-01 01:22:21.202  INFO 15188 --- [    Test worker] o.s.s.web.DefaultSecurityFilterChain     : Will secure any request with [org.springframework.security.web.context.request.async.WebAsyncManagerIntegrationFilter@1a64267f, org.springframework.security.web.context.SecurityContextPersistenceFilter@4bb46ed, org.springframework.security.web.header.HeaderWriterFilter@49c1d53b, org.springframework.security.web.csrf.CsrfFilter@549a7950, org.springframework.security.web.authentication.logout.LogoutFilter@dfedc98, org.springframework.security.oauth2.client.web.OAuth2AuthorizationRequestRedirectFilter@42901248, org.springframework.security.oauth2.client.web.OAuth2AuthorizationRequestRedirectFilter@13ab6b48, org.springframework.security.oauth2.client.web.OAuth2LoginAuthenticationFilter@60d072a1, org.springframework.security.web.authentication.ui.DefaultLoginPageGeneratingFilter@723a06fb, org.springframework.security.web.authentication.ui.DefaultLogoutPageGeneratingFilter@17bb5592, org.springframework.security.web.savedrequest.RequestCacheAwareFilter@2aa2625d, org.springframework.security.web.servletapi.SecurityContextHolderAwareRequestFilter@74f0d5ca, org.springframework.security.web.authentication.AnonymousAuthenticationFilter@3a99c429, org.springframework.security.oauth2.client.web.OAuth2AuthorizationCodeGrantFilter@9545e1e, org.springframework.security.web.session.SessionManagementFilter@7682ae63, org.springframework.security.web.access.ExceptionTranslationFilter@17b52c38, org.springframework.security.web.access.intercept.FilterSecurityInterceptor@6fcdfd68]
2022-04-01 01:22:21.345  INFO 15188 --- [    Test worker] o.s.b.t.m.w.SpringBootMockServletContext : Initializing Spring TestDispatcherServlet ''
2022-04-01 01:22:21.345  INFO 15188 --- [    Test worker] o.s.t.web.servlet.TestDispatcherServlet  : Initializing Servlet ''
2022-04-01 01:22:21.346  INFO 15188 --- [    Test worker] o.s.t.web.servlet.TestDispatcherServlet  : Completed initialization in 1 ms
2022-04-01 01:22:21.375  INFO 15188 --- [    Test worker] s.web.controller.HelloControllerTest     : Started HelloControllerTest in 2.397 seconds (JVM running for 3.602)
]]></system-out>
  <system-err><![CDATA[]]></system-err>
</testsuite>
